# Model parameters: 
                    70                0.1225   0.008608600366835972                  2.72                  0.24                 3.046                0.0196                  -1.1                  0.06               0.71611                     0                     1
 0.00000000                      0 [c/H0]                      0 [Mpc]
 0.05263158     0.0521439667502956 [c/H0]       223.319542313448 [Mpc]
 0.10526316      0.103255121262665 [c/H0]       442.215808634606 [Mpc]
 0.15789474      0.153258612496355 [c/H0]       656.368230713595 [Mpc]
 0.21052632       0.20209475380891 [c/H0]       865.521185618259 [Mpc]
 0.26315789      0.249718416109055 [c/H0]       1069.48139676001 [Mpc]
 0.31578947      0.296098082252844 [c/H0]       1268.11388410952 [Mpc]
 0.36842105      0.341214656957146 [c/H0]       1461.33686735442 [Mpc]
 0.42105263      0.385060124727936 [c/H0]       1649.11601814249 [Mpc]
 0.47368421      0.427636138867993 [c/H0]       1831.45841715521 [Mpc]
 0.52631579      0.468952610872608 [c/H0]        2008.4065128431 [Mpc]
 0.57894737      0.509026353121732 [c/H0]       2180.03230841629 [Mpc]
 0.63157895      0.547879812553153 [c/H0]       2346.43193848413 [Mpc]
 0.68421053      0.585539918928124 [c/H0]       2507.72073646547 [Mpc]
 0.73684211      0.622037059788446 [c/H0]       2664.02884458673 [Mpc]
 0.78947368      0.657404185553749 [c/H0]       2815.49738123781 [Mpc]
 0.84210526      0.691676041038391 [c/H0]       2962.27514975154 [Mpc]
 0.89473684      0.724888516234207 [c/H0]       3104.51585796894 [Mpc]
 0.94736842      0.757078105770327 [c/H0]         3242.375803241 [Mpc]
 1.00000000      0.788281465608702 [c/H0]       3376.01197386679 [Mpc]
