#----------------------------------------------------------------------------------
# Model fitting. Interating using:
#  - solver:            NLOpt:ln-neldermead
#  - differentiation:   Numerical differentiantion (forward)
#.............
#  Minimum found with precision: |df|/f =  1.00000e-08 and |dx| =  1.00000e-05
#  Elapsed time: 00 days, 00:00:00.0102450
#  iteration            [000047]
#  function evaluations [000048]
#  gradient evaluations [000000]
#  degrees of freedom   [000577]
#  m2lnL     =      562.21916535683 (     562.21917 )
#  Fit parameters:
#     0.230588641762734   -1.02987350210547    
#----------------------------------------------------------------------------------
# Data used:
#   - Union2.1 sample
#----------------------------------------------------------------------------------
# Model[00000]:
#   - NcHICosmo : XCDM - Constant EOS
#----------------------------------------------------------------------------------
# Model parameters
#   -      H0[00]:  70                  [FIXED]
#   -  Omegac[01]:  0.230588641762734   [FREE]
#   -  Omegax[02]:  0.7                 [FIXED]
#   - Tgamma0[03]:  2.72                [FIXED]
#   -      Yp[04]:  0.24                [FIXED]
#   -    ENnu[05]:  3.046               [FIXED]
#   -  Omegab[06]:  0.05                [FIXED]
#   -       w[07]: -1.02987350210547    [FREE]
#----------------------------------------------------------------------------------
# NcmMSet parameters covariance matrix
#                                                  -------------------------------
# Omegac[00000:01] =  0.2306      +/-  0.07183     |  1           | -0.9052      |
#      w[00000:07] = -1.03        +/-  0.1301      | -0.9052      |  1           |
#                                                  -------------------------------
